D:\Projects\ConceptDevChallenge\MyToDoAPP\dist\out-tsc\src\app\shared\service\webApiManager.service.js
D:\Projects\ConceptDevChallenge\MyToDoAPP\dist\out-tsc\src\app\shared\service\webApiManager.service.js.map
D:\Projects\ConceptDevChallenge\MyToDoAPP\dist\out-tsc\src\app\shared\model\user.model.js
D:\Projects\ConceptDevChallenge\MyToDoAPP\dist\out-tsc\src\app\shared\model\user.model.js.map
D:\Projects\ConceptDevChallenge\MyToDoAPP\dist\out-tsc\src\app\appSettings.setting.js
D:\Projects\ConceptDevChallenge\MyToDoAPP\dist\out-tsc\src\app\appSettings.setting.js.map
D:\Projects\ConceptDevChallenge\MyToDoAPP\dist\out-tsc\src\app\shared\service\auth.service.js
D:\Projects\ConceptDevChallenge\MyToDoAPP\dist\out-tsc\src\app\shared\service\auth.service.js.map
D:\Projects\ConceptDevChallenge\MyToDoAPP\dist\out-tsc\src\app\shared\service\auth.guard.service.js
D:\Projects\ConceptDevChallenge\MyToDoAPP\dist\out-tsc\src\app\shared\service\auth.guard.service.js.map
D:\Projects\ConceptDevChallenge\MyToDoAPP\dist\out-tsc\src\app\shared\components\topmenu\topmenu.component.js
D:\Projects\ConceptDevChallenge\MyToDoAPP\dist\out-tsc\src\app\shared\components\topmenu\topmenu.component.js.map
D:\Projects\ConceptDevChallenge\MyToDoAPP\dist\out-tsc\src\app\shared\shared.module.js
D:\Projects\ConceptDevChallenge\MyToDoAPP\dist\out-tsc\src\app\shared\shared.module.js.map
D:\Projects\ConceptDevChallenge\MyToDoAPP\dist\out-tsc\src\app\app.component.js
D:\Projects\ConceptDevChallenge\MyToDoAPP\dist\out-tsc\src\app\app.component.js.map
D:\Projects\ConceptDevChallenge\MyToDoAPP\dist\out-tsc\src\app\common\components\login\login.component.js
D:\Projects\ConceptDevChallenge\MyToDoAPP\dist\out-tsc\src\app\common\components\login\login.component.js.map
D:\Projects\ConceptDevChallenge\MyToDoAPP\dist\out-tsc\src\app\common\components\pagenotfound\pagenotfound.component.js
D:\Projects\ConceptDevChallenge\MyToDoAPP\dist\out-tsc\src\app\common\components\pagenotfound\pagenotfound.component.js.map
D:\Projects\ConceptDevChallenge\MyToDoAPP\dist\out-tsc\src\app\app.routing.js
D:\Projects\ConceptDevChallenge\MyToDoAPP\dist\out-tsc\src\app\app.routing.js.map
D:\Projects\ConceptDevChallenge\MyToDoAPP\dist\out-tsc\src\app\app.module.js
D:\Projects\ConceptDevChallenge\MyToDoAPP\dist\out-tsc\src\app\app.module.js.map
D:\Projects\ConceptDevChallenge\MyToDoAPP\dist\out-tsc\src\environments\environment.js
D:\Projects\ConceptDevChallenge\MyToDoAPP\dist\out-tsc\src\environments\environment.js.map
D:\Projects\ConceptDevChallenge\MyToDoAPP\dist\out-tsc\src\main.js
D:\Projects\ConceptDevChallenge\MyToDoAPP\dist\out-tsc\src\main.js.map
D:\Projects\ConceptDevChallenge\MyToDoAPP\dist\out-tsc\src\polyfills.js
D:\Projects\ConceptDevChallenge\MyToDoAPP\dist\out-tsc\src\polyfills.js.map
D:\Projects\ConceptDevChallenge\MyToDoAPP\dist\out-tsc\src\test.js
D:\Projects\ConceptDevChallenge\MyToDoAPP\dist\out-tsc\src\test.js.map
D:\Projects\ConceptDevChallenge\MyToDoAPP\dist\out-tsc\src\environments\environment.prod.js
D:\Projects\ConceptDevChallenge\MyToDoAPP\dist\out-tsc\src\environments\environment.prod.js.map
D:\Projects\ConceptDevChallenge\MyToDoAPP\dist\out-tsc\src\app\app.component.spec.js
D:\Projects\ConceptDevChallenge\MyToDoAPP\dist\out-tsc\src\app\app.component.spec.js.map
D:\Projects\ConceptDevChallenge\MyToDoAPP\dist\out-tsc\src\app\shared\components\topmenu\topmenu.component.spec.js
D:\Projects\ConceptDevChallenge\MyToDoAPP\dist\out-tsc\src\app\shared\components\topmenu\topmenu.component.spec.js.map
D:\Projects\ConceptDevChallenge\MyToDoAPP\dist\out-tsc\src\app\features\todo\todo.model.js
D:\Projects\ConceptDevChallenge\MyToDoAPP\dist\out-tsc\src\app\features\todo\todo.model.js.map
D:\Projects\ConceptDevChallenge\MyToDoAPP\dist\out-tsc\src\app\features\todo\todo.localstorage.service.js
D:\Projects\ConceptDevChallenge\MyToDoAPP\dist\out-tsc\src\app\features\todo\todo.localstorage.service.js.map
D:\Projects\ConceptDevChallenge\MyToDoAPP\dist\out-tsc\src\app\features\todo\todo.service.js
D:\Projects\ConceptDevChallenge\MyToDoAPP\dist\out-tsc\src\app\features\todo\todo.service.js.map
D:\Projects\ConceptDevChallenge\MyToDoAPP\dist\out-tsc\src\app\features\todo\todo.component.js
D:\Projects\ConceptDevChallenge\MyToDoAPP\dist\out-tsc\src\app\features\todo\todo.component.js.map
D:\Projects\ConceptDevChallenge\MyToDoAPP\dist\out-tsc\src\app\features\todo\todo.component.spec.js
D:\Projects\ConceptDevChallenge\MyToDoAPP\dist\out-tsc\src\app\features\todo\todo.component.spec.js.map
D:\Projects\ConceptDevChallenge\MyToDoAPP\dist\out-tsc\src\app\features\todo\todo.routing.js
D:\Projects\ConceptDevChallenge\MyToDoAPP\dist\out-tsc\src\app\features\todo\todo.routing.js.map
D:\Projects\ConceptDevChallenge\MyToDoAPP\dist\out-tsc\src\app\features\todo\todo.module.js
D:\Projects\ConceptDevChallenge\MyToDoAPP\dist\out-tsc\src\app\features\todo\todo.module.js.map
D:\Projects\ConceptDevChallenge\MyToDoAPP\dist\out-tsc\src\app\common\components\login\login.component.spec.js
D:\Projects\ConceptDevChallenge\MyToDoAPP\dist\out-tsc\src\app\common\components\login\login.component.spec.js.map
D:\Projects\ConceptDevChallenge\MyToDoAPP\dist\out-tsc\e2e\app.po.js
D:\Projects\ConceptDevChallenge\MyToDoAPP\dist\out-tsc\e2e\app.po.js.map
D:\Projects\ConceptDevChallenge\MyToDoAPP\dist\out-tsc\e2e\app.e2e-spec.js
D:\Projects\ConceptDevChallenge\MyToDoAPP\dist\out-tsc\e2e\app.e2e-spec.js.map
